<?xml version="1.0" encoding="UTF-8"?>
<!-- Generated by org.testng.reporters.JUnitReportReporter -->
<testsuite skipped="0" hostname="GirishS" name="airbnb.applyFilterTest.SearchCityWithPriceFilter" tests="1" failures="0" timestamp="27 Mar 2018 05:35:03 GMT" time="15.093" errors="0">
  <testcase name="searchCityHomeBasedOnPrice" time="15.093" classname="airbnb.applyFilterTest.SearchCityWithPriceFilter"/>
</testsuite> <!-- airbnb.applyFilterTest.SearchCityWithPriceFilter -->
